\BOOKMARK [0][-]{chapter*.4}{Daftar Gambar}{}% 1
\BOOKMARK [0][-]{chapter*.5}{Daftar Tabel}{}% 2
\BOOKMARK [0][-]{chapter*.7}{Foreword}{}% 3
\BOOKMARK [0][-]{chapter*.8}{Kata Pengantar}{}% 4
\BOOKMARK [0][-]{chapter*.9}{Acknowledgments}{}% 5
\BOOKMARK [0][-]{chapter*.10}{Acronyms}{}% 6
\BOOKMARK [0][-]{chapter*.11}{Glossary}{}% 7
\BOOKMARK [0][-]{chapter*.12}{List of Symbols}{}% 8
\BOOKMARK [0][-]{chapter*.13}{Introduction}{}% 9
\BOOKMARK [0][-]{chapter*.13}{Rolly Maulana Awangga, S.T., M.T.}{}% 10
\BOOKMARK [0][-]{chapter.1}{Tugas Pertama}{}% 11
\BOOKMARK [1][-]{section.1.1}{NAMA \(NPM\)}{chapter.1}% 12
\BOOKMARK [2][-]{subsection.1.1.1}{Pengertian}{section.1.1}% 13
\BOOKMARK [2][-]{subsection.1.1.2}{Sejarah}{section.1.1}% 14
\BOOKMARK [2][-]{subsection.1.1.3}{Koordinat}{section.1.1}% 15
\BOOKMARK [2][-]{subsection.1.1.4}{Data Geospasial}{section.1.1}% 16
\BOOKMARK [2][-]{subsection.1.1.5}{Link}{section.1.1}% 17
\BOOKMARK [2][-]{subsection.1.1.6}{Plagiarism}{section.1.1}% 18
\BOOKMARK [2][-]{subsection.1.1.7}{Cara Penggunaan}{section.1.1}% 19
\BOOKMARK [1][-]{section.1.2}{Liyana Majdah Rahma\(1174039\)}{chapter.1}% 20
\BOOKMARK [2][-]{subsection.1.2.1}{Pengertian}{section.1.2}% 21
\BOOKMARK [2][-]{subsection.1.2.2}{Sejarah}{section.1.2}% 22
\BOOKMARK [2][-]{subsection.1.2.3}{Koordinat}{section.1.2}% 23
\BOOKMARK [2][-]{subsection.1.2.4}{Data Geospasial}{section.1.2}% 24
\BOOKMARK [2][-]{subsection.1.2.5}{Link}{section.1.2}% 25
\BOOKMARK [2][-]{subsection.1.2.6}{Plagiarism}{section.1.2}% 26
\BOOKMARK [1][-]{section.1.3}{FaisalNajibAbdullah\(1174039\)}{chapter.1}% 27
\BOOKMARK [2][-]{subsection.1.3.1}{Sejarah}{section.1.3}% 28
\BOOKMARK [2][-]{subsection.1.3.2}{Link}{section.1.3}% 29
\BOOKMARK [2][-]{subsection.1.3.3}{Plagiarism}{section.1.3}% 30
\BOOKMARK [1][-]{section.1.4}{Alit fajar Kurniawan \(1174057\)}{chapter.1}% 31
\BOOKMARK [2][-]{subsection.1.4.1}{Pengertian}{section.1.4}% 32
\BOOKMARK [2][-]{subsection.1.4.2}{Sejarah}{section.1.4}% 33
\BOOKMARK [2][-]{subsection.1.4.3}{Link}{section.1.4}% 34
\BOOKMARK [2][-]{subsection.1.4.4}{Plagiarism}{section.1.4}% 35
\BOOKMARK [1][-]{section.1.5}{Luthfi Muhammad Nabil \(1174035\)}{chapter.1}% 36
\BOOKMARK [2][-]{subsection.1.5.1}{Data Geospasial}{section.1.5}% 37
\BOOKMARK [2][-]{subsection.1.5.2}{Link}{section.1.5}% 38
\BOOKMARK [2][-]{subsection.1.5.3}{Plagiarism}{section.1.5}% 39
\BOOKMARK [1][-]{section.1.6}{Hagan Rowlenstino A. S \(1174040\)}{chapter.1}% 40
\BOOKMARK [2][-]{subsection.1.6.1}{Pengertian}{section.1.6}% 41
\BOOKMARK [2][-]{subsection.1.6.2}{Link}{section.1.6}% 42
\BOOKMARK [2][-]{subsection.1.6.3}{Plagiarism}{section.1.6}% 43
\BOOKMARK [0][-]{chapter*.15}{Daftar Pustaka}{}% 44
\BOOKMARK [0][-]{chapter*.15}{Index}{}% 45
