This is pdfTeX, Version 3.14159265-2.6-1.40.20 (MiKTeX 2.9.7200 64-bit) (preloaded format=pdflatex 2019.10.21)  21 OCT 2019 16:53
entering extended mode
**./main.tex
(main.tex
LaTeX2e <2019-10-01> patch level 1
(wileySix.cls


 Wiley Book Style, Design No.: SD 001C
 and SD 004B
 
 Written by Amy Hendrickson, TeXnology, Inc.
 
 This version is dated Feb 16, 2011


\phspace=\dimen102
\SpaceAboveChapterNumber=\dimen103
\savefootnotenumber=\count80
\ftnum=\count81
\saveftnum=\count82
\c@chapapp=\count83
\c@part=\count84
\c@chapter=\count85
\c@section=\count86
\c@subsection=\count87
\c@subsubsection=\count88
\c@paragraph=\count89
\c@subparagraph=\count90
\c@figure=\count91
\c@table=\count92
\abovecaptionskip=\skip41
\belowcaptionskip=\skip42
\partskip=\skip43
\tabandfigskip=\skip44
\footnum=\count93
\savefootnum=\count94
\@indexfile=\write3
\openout3 = `main.idx'.

Writing index file main.idx
\iletterskip=\skip45
\timing=\count95
\hourcount=\count96
\oldtime=\count97
\probcount=\count98
\subprobcount=\count99
\c@subproblem=\count100
\c@subproblem=\count101
\widthofcropmarks=\dimen104
\raisetopcropmarks=\dimen105
\raisebottomcropmarks=\dimen106
\movecropmarksright=\dimen107
\c@theorem=\count102
\c@appfootnote=\count103
\slugwidth=\dimen108
\slugheight=\dimen109
\slugdepth=\dimen110
\c@exampnum=\count104
\c@algo=\count105
\c@algorithm=\count106
\chapskip=\dimen111
\chapheight=\dimen112
\authorskip=\dimen113
)
("C:\Users\lenovo\AppData\Local\Programs\MiKTeX 2.9\tex/latex/graphics\graphicx
.sty"
Package: graphicx 2017/06/01 v1.1a Enhanced LaTeX Graphics (DPC,SPQR)

("C:\Users\lenovo\AppData\Local\Programs\MiKTeX 2.9\tex/latex/graphics\keyval.s
ty"
Package: keyval 2014/10/28 v1.15 key=value parser (DPC)
\KV@toks@=\toks14
)
("C:\Users\lenovo\AppData\Local\Programs\MiKTeX 2.9\tex/latex/graphics\graphics
.sty"
Package: graphics 2019/10/08 v1.3c Standard LaTeX Graphics (DPC,SPQR)

("C:\Users\lenovo\AppData\Local\Programs\MiKTeX 2.9\tex/latex/graphics\trig.sty
"
Package: trig 2016/01/03 v1.10 sin cos tan (DPC)
)
("C:\Users\lenovo\AppData\Local\Programs\MiKTeX 2.9\tex/latex/graphics-cfg\grap
hics.cfg"
File: graphics.cfg 2016/06/04 v1.11 sample graphics configuration
)
Package graphics Info: Driver file: pdftex.def on input line 105.

("C:\Users\lenovo\AppData\Local\Programs\MiKTeX 2.9\tex/latex/graphics-def\pdft
ex.def"
File: pdftex.def 2018/01/08 v1.0l Graphics/color driver for pdftex
))
\Gin@req@height=\dimen114
\Gin@req@width=\dimen115
)
(C:/Users/lenovo/Downloads/miktex_pkgs/texmf\tex/latex/listings\listings.sty
\lst@mode=\count107
\lst@gtempboxa=\box27
\lst@token=\toks15
\lst@length=\count108
\lst@currlwidth=\dimen116
\lst@column=\count109
\lst@pos=\count110
\lst@lostspace=\dimen117
\lst@width=\dimen118
\lst@newlines=\count111
\lst@lineno=\count112
\lst@maxwidth=\dimen119

(C:/Users/lenovo/Downloads/miktex_pkgs/texmf\tex/latex/listings\lstmisc.sty
File: lstmisc.sty 2019/09/10 1.8c (Carsten Heinz)
\c@lstnumber=\count113
\lst@skipnumbers=\count114
\lst@framebox=\box28
)
(C:/Users/lenovo/Downloads/miktex_pkgs/texmf\tex/latex/listings\listings.cfg
File: listings.cfg 2019/09/10 1.8c listings configuration
))
Package: listings 2019/09/10 1.8c (Carsten Heinz)

("C:\Users\lenovo\AppData\Local\Programs\MiKTeX 2.9\tex/latex/float\float.sty"
Package: float 2001/11/08 v1.3d Float enhancements (AL)
\c@float@type=\count115
\float@exts=\toks16
\float@box=\box29
\@float@everytoks=\toks17
\@floatcapt=\box30
)
("C:\Users\lenovo\AppData\Local\Programs\MiKTeX 2.9\tex/latex/hyperref\hyperref
.sty"
Package: hyperref 2019/09/28 v7.00a Hypertext links for LaTeX

("C:\Users\lenovo\AppData\Local\Programs\MiKTeX 2.9\tex/generic/oberdiek\hobsub
-hyperref.sty"
Package: hobsub-hyperref 2016/05/16 v1.14 Bundle oberdiek, subset hyperref (HO)


("C:\Users\lenovo\AppData\Local\Programs\MiKTeX 2.9\tex/generic/oberdiek\hobsub
-generic.sty"
Package: hobsub-generic 2016/05/16 v1.14 Bundle oberdiek, subset generic (HO)
Package: hobsub 2016/05/16 v1.14 Construct package bundles (HO)
Package: infwarerr 2016/05/16 v1.4 Providing info/warning/error messages (HO)
Package: ltxcmds 2016/05/16 v1.23 LaTeX kernel commands for general use (HO)
Package: ifluatex 2016/05/16 v1.4 Provides the ifluatex switch (HO)
Package ifluatex Info: LuaTeX not detected.
Package: ifvtex 2016/05/16 v1.6 Detect VTeX and its facilities (HO)
Package ifvtex Info: VTeX not detected.
Package: intcalc 2016/05/16 v1.2 Expandable calculations with integers (HO)
Package: ifpdf 2018/09/07 v3.3 Provides the ifpdf switch
Package: etexcmds 2016/05/16 v1.6 Avoid name clashes with e-TeX commands (HO)
Package: kvsetkeys 2016/05/16 v1.17 Key value parser (HO)
Package: kvdefinekeys 2016/05/16 v1.4 Define keys (HO)
Package: pdftexcmds 2019/07/25 v0.30 Utility functions of pdfTeX for LuaTeX (HO
)
Package pdftexcmds Info: LuaTeX not detected.
Package pdftexcmds Info: \pdf@primitive is available.
Package pdftexcmds Info: \pdf@ifprimitive is available.
Package pdftexcmds Info: \pdfdraftmode found.
Package: pdfescape 2016/05/16 v1.14 Implements pdfTeX's escape features (HO)
Package: bigintcalc 2016/05/16 v1.4 Expandable calculations on big integers (HO
)
Package: bitset 2016/05/16 v1.2 Handle bit-vector datatype (HO)
Package: uniquecounter 2016/05/16 v1.3 Provide unlimited unique counter (HO)
)
Package hobsub Info: Skipping package `hobsub' (already loaded).
Package: letltxmacro 2016/05/16 v1.5 Let assignment for LaTeX macros (HO)
Package: hopatch 2016/05/16 v1.3 Wrapper for package hooks (HO)
Package: xcolor-patch 2016/05/16 xcolor patch
Package: atveryend 2016/05/16 v1.9 Hooks at the very end of document (HO)
Package: atbegshi 2016/06/09 v1.18 At begin shipout hook (HO)
Package: refcount 2016/05/16 v3.5 Data extraction from label references (HO)
Package: hycolor 2016/05/16 v1.8 Color options for hyperref/bookmark (HO)
)
("C:\Users\lenovo\AppData\Local\Programs\MiKTeX 2.9\tex/generic/ifxetex\ifxetex
.sty"
Package: ifxetex 2010/09/12 v0.6 Provides ifxetex conditional
)
("C:\Users\lenovo\AppData\Local\Programs\MiKTeX 2.9\tex/latex/oberdiek\auxhook.
sty"
Package: auxhook 2016/05/16 v1.4 Hooks for auxiliary files (HO)


Package auxhook Warning: Cannot patch \document,
(auxhook)                using \AtBeginDocument instead.

)
("C:\Users\lenovo\AppData\Local\Programs\MiKTeX 2.9\tex/latex/oberdiek\kvoption
s.sty"
Package: kvoptions 2016/05/16 v3.12 Key value format for package options (HO)
)
\@linkdim=\dimen120
\Hy@linkcounter=\count116
\Hy@pagecounter=\count117

("C:\Users\lenovo\AppData\Local\Programs\MiKTeX 2.9\tex/latex/hyperref\pd1enc.d
ef"
File: pd1enc.def 2019/09/28 v7.00a Hyperref: PDFDocEncoding definition (HO)
Now handling font encoding PD1 ...
... no UTF-8 mapping file for font encoding PD1
)
\Hy@SavedSpaceFactor=\count118

("C:\Users\lenovo\AppData\Local\Programs\MiKTeX 2.9\tex/latex/00miktex\hyperref
.cfg"
File: hyperref.cfg 2002/06/06 v1.2 hyperref configuration of TeXLive
)
Package hyperref Info: Option `colorlinks' set `true' on input line 4414.
Package hyperref Info: Hyper figures OFF on input line 4540.
Package hyperref Info: Link nesting OFF on input line 4545.
Package hyperref Info: Hyper index ON on input line 4548.
Package hyperref Info: Plain pages OFF on input line 4555.
Package hyperref Info: Backreferencing OFF on input line 4560.
Package hyperref Info: Implicit mode ON; LaTeX internals redefined.
Package hyperref Info: Bookmarks ON on input line 4793.
\c@Hy@tempcnt=\count119
 (C:/Users/lenovo/Downloads/miktex_pkgs/texmf\tex/latex/url\url.sty
\Urlmuskip=\muskip10
Package: url 2013/09/16  ver 3.4  Verb mode for urls, etc.
)
LaTeX Info: Redefining \url on input line 5152.
\XeTeXLinkMargin=\dimen121
\Fld@menulength=\count120
\Field@Width=\dimen122
\Fld@charsize=\dimen123
Package hyperref Info: Hyper figures OFF on input line 6423.
Package hyperref Info: Link nesting OFF on input line 6428.
Package hyperref Info: Hyper index ON on input line 6431.
Package hyperref Info: backreferencing OFF on input line 6438.
Package hyperref Info: Link coloring ON on input line 6441.
Package hyperref Info: Link coloring with OCG OFF on input line 6448.
Package hyperref Info: PDF/A mode OFF on input line 6453.
LaTeX Info: Redefining \ref on input line 6493.
LaTeX Info: Redefining \pageref on input line 6497.
\Hy@abspage=\count121
\c@Item=\count122
\c@Hfootnote=\count123
)
Package hyperref Info: Driver (autodetected): hpdftex.

("C:\Users\lenovo\AppData\Local\Programs\MiKTeX 2.9\tex/latex/hyperref\hpdftex.
def"
File: hpdftex.def 2019/09/28 v7.00a Hyperref driver for pdfTeX
\Fld@listcount=\count124
\c@bookmark@seq@number=\count125

("C:\Users\lenovo\AppData\Local\Programs\MiKTeX 2.9\tex/latex/oberdiek\rerunfil
echeck.sty"
Package: rerunfilecheck 2016/05/16 v1.8 Rerun checks for auxiliary files (HO)
Package uniquecounter Info: New unique counter `rerunfilecheck' on input line 2
82.
)
\Hy@SectionHShift=\skip46
)
("C:\Users\lenovo\AppData\Local\Programs\MiKTeX 2.9\tex/latex/graphics\color.st
y"
Package: color 2016/07/10 v1.1e Standard LaTeX Color (DPC)

("C:\Users\lenovo\AppData\Local\Programs\MiKTeX 2.9\tex/latex/graphics-cfg\colo
r.cfg"
File: color.cfg 2016/01/02 v1.6 sample color configuration
)
Package color Info: Driver file: pdftex.def on input line 147.
)
(C:/Users/lenovo/Downloads/miktex_pkgs/texmf\tex/latex/listings\lstlang1.sty
File: lstlang1.sty 2019/09/10 1.8c listings language file
)
(w-bookps.sty


 Using PostScript Fonts

 Wiley Monograph/Edited Book Style
 Feb 16, 2012

 
)
\sectsavebox=\box31
LaTeX Font Info:    External font `cmex10' loaded for size
(Font)              <7> on input line 124.
LaTeX Font Info:    External font `cmex10' loaded for size
(Font)              <5> on input line 124.
 (main.aux)
\openout1 = `main.aux'.

LaTeX Font Info:    Checking defaults for OML/cmm/m/it on input line 129.
LaTeX Font Info:    ... okay on input line 129.
LaTeX Font Info:    Checking defaults for T1/cmr/m/n on input line 129.
LaTeX Font Info:    ... okay on input line 129.
LaTeX Font Info:    Checking defaults for OT1/cmr/m/n on input line 129.
LaTeX Font Info:    ... okay on input line 129.
LaTeX Font Info:    Checking defaults for OMS/cmsy/m/n on input line 129.
LaTeX Font Info:    ... okay on input line 129.
LaTeX Font Info:    Checking defaults for OMX/cmex/m/n on input line 129.
LaTeX Font Info:    ... okay on input line 129.
LaTeX Font Info:    Checking defaults for U/cmr/m/n on input line 129.
LaTeX Font Info:    ... okay on input line 129.
LaTeX Font Info:    Checking defaults for PD1/pdf/m/n on input line 129.
LaTeX Font Info:    ... okay on input line 129.
LaTeX Font Info:    Trying to load font information for OT1+ptm on input line 1
29.

("C:\Users\lenovo\AppData\Local\Programs\MiKTeX 2.9\tex/latex/psnfss\ot1ptm.fd"
File: ot1ptm.fd 2001/06/04 font definitions for OT1/ptm.
)
(C:/Users/lenovo/Downloads/miktex_pkgs/texmf\tex/context/base/mkii\supp-pdf.mki
i
[Loading MPS to PDF converter (version 2006.09.02).]
\scratchcounter=\count126
\scratchdimen=\dimen124
\scratchbox=\box32
\nofMPsegments=\count127
\nofMParguments=\count128
\everyMPshowfont=\toks18
\MPscratchCnt=\count129
\MPscratchDim=\dimen125
\MPnumerator=\count130
\makeMPintoPDFobject=\count131
\everyMPtoPDFconversion=\toks19
)
("C:\Users\lenovo\AppData\Local\Programs\MiKTeX 2.9\tex/latex/oberdiek\epstopdf
-base.sty"
Package: epstopdf-base 2016/05/15 v2.6 Base part for package epstopdf

("C:\Users\lenovo\AppData\Local\Programs\MiKTeX 2.9\tex/latex/oberdiek\grfext.s
ty"
Package: grfext 2016/05/16 v1.2 Manage graphics extensions (HO)
)
Package epstopdf-base Info: Redefining graphics rule for `.eps' on input line 4
38.
Package grfext Info: Graphics extension search list:
(grfext)             [.pdf,.png,.jpg,.mps,.jpeg,.jbig2,.jb2,.PDF,.PNG,.JPG,.JPE
G,.JBIG2,.JB2,.eps]
(grfext)             \AppendGraphicsExtensions on input line 456.
)
\c@lstlisting=\count132
\AtBeginShipoutBox=\box33
Package hyperref Info: Link coloring ON on input line 129.

("C:\Users\lenovo\AppData\Local\Programs\MiKTeX 2.9\tex/latex/hyperref\nameref.
sty"
Package: nameref 2019/09/16 v2.46 Cross-referencing by name of section

("C:\Users\lenovo\AppData\Local\Programs\MiKTeX 2.9\tex/generic/oberdiek\gettit
lestring.sty"
Package: gettitlestring 2016/05/16 v1.5 Cleanup title references (HO)
)
\c@section@level=\count133
)
LaTeX Info: Redefining \ref on input line 129.
LaTeX Info: Redefining \pageref on input line 129.
LaTeX Info: Redefining \nameref on input line 129.
 (main.out) (main.out)
\@outlinefile=\write4
\openout4 = `main.out'.

LaTeX Font Info:    Font shape `OT1/ptm/bx/n' in size <17.28> not available
(Font)              Font shape `OT1/ptm/b/n' tried instead on input line 148.

Overfull \hbox (29.15398pt too wide) in paragraph at lines 148--148
\subtitlefont SIG (SIS-TEM IN-FOR-MASI GE-OGRAFIS) 
 []

[1{C:/Users/lenovo/AppData/Local/MiKTeX/2.9/pdftex/config/pdftex.map}]
(info/copyrightpage.tex)
Underfull \hbox (badness 10000) in paragraph at lines 155--155

 []


Underfull \hbox (badness 10000) in paragraph at lines 155--155

 []


Underfull \hbox (badness 10000) in paragraph at lines 155--155

 []


Underfull \hbox (badness 10000) in paragraph at lines 155--155

 []

[2] [3

]
LaTeX Font Info:    Font shape `OT1/ptm/bx/n' in size <14.4> not available
(Font)              Font shape `OT1/ptm/b/n' tried instead on input line 161.
 (info/contributors.tex) [5] [6

] (main.toc) [7] [8

]

Package hyperref Warning: old toc file detected, not used; run LaTeX again.

\tf@toc=\write5
\openout5 = `main.toc'.

[9] [10

]

Package hyperref Warning: bookmark level for unknown schapter defaults to 0.


Package hyperref Warning: old lof file detected, not used; run LaTeX again.

\tf@lof=\write6
\openout6 = `main.lof'.

[11] [12

]

Package hyperref Warning: old lot file detected, not used; run LaTeX again.

\tf@lot=\write7
\openout7 = `main.lot'.

[13] [14

]

Package hyperref Warning: old lol file detected, not used; run LaTeX again.

\tf@lol=\write8
\openout8 = `main.lol'.

[15] [16

] (info/foreword.tex) [17] [18

] (info/preface.tex) [19] [20

]
(info/acknowledgments.tex [21]) [22

] (info/acronyms.tex)
LaTeX Font Info:    Trying to load font information for OMS+ptm on input line 1
87.

("C:\Users\lenovo\AppData\Local\Programs\MiKTeX 2.9\tex/latex/psnfss\omsptm.fd"
File: omsptm.fd 
)
LaTeX Font Info:    Font shape `OMS/ptm/m/n' in size <8> not available
(Font)              Font shape `OMS/cmsy/m/n' tried instead on input line 187.
 [23] [24

] (info/glossary.tex) [25] [26

] (info/symbols.tex) [27] [28

]
(info/introduction.tex

Package hyperref Warning: bookmark level for unknown ichapter defaults to 0.

LaTeX Font Info:    Font shape `OT1/ptm/bx/n' in size <10> not available
(Font)              Font shape `OT1/ptm/b/n' tried instead on input line 13.

LaTeX Warning: Citation `awangga2018sampeu' on page xxix undefined on input lin
e 13.

) [29] [30

]
Bab 1.
LaTeX Font Info:    External font `cmex10' loaded for size
(Font)              <14.4> on input line 202.
(chapters/tugas1/1174xxx.tex
LaTeX Font Info:    Font shape `OT1/ptm/bx/n' in size <12> not available
(Font)              Font shape `OT1/ptm/b/n' tried instead on input line 1.

Underfull \hbox (badness 10000) in paragraph at lines 12--13

 []

<figures/himatif.png, id=151, 301.125pt x 251.94125pt>
File: figures/himatif.png Graphic file (type png)
<use figures/himatif.png>
Package pdftex.def Info: figures/himatif.png  used on input line 16.
(pdftex.def)             Requested size: 113.81102pt x 95.22353pt.

Underfull \vbox (badness 10000) has occurred while \output is active []

 [1])
(chapters/tugas1/1174039.tex
Overfull \vbox (6.372pt too high) has occurred while \output is active []


Underfull \hbox (badness 10000) has occurred while \output is active
[]
 []

[2 <./figures/himatif.png>]
<figures/1174039/plagiat.png, id=184, 632.3625pt x 426.84468pt>
File: figures/1174039/plagiat.png Graphic file (type png)
<use figures/1174039/plagiat.png>
Package pdftex.def Info: figures/1174039/plagiat.png  used on input line 19.
(pdftex.def)             Requested size: 113.81102pt x 76.8222pt.
) (chapters/tugas1/1174042.tex
<figures/1174042/gis.jpg, id=185, 242.9075pt x 209.78375pt>
File: figures/1174042/gis.jpg Graphic file (type jpg)
<use figures/1174042/gis.jpg>
Package pdftex.def Info: figures/1174042/gis.jpg  used on input line 9.
(pdftex.def)             Requested size: 113.81102pt x 98.29106pt.

Overfull \vbox (6.372pt too high) has occurred while \output is active []


Underfull \hbox (badness 10000) has occurred while \output is active
[]
 []

[3 <./figures/1174039/plagiat.png>]
<figures/1174042/plagiat.png, id=197, 648.17157pt x 453.19313pt>
File: figures/1174042/plagiat.png Graphic file (type png)
<use figures/1174042/plagiat.png>
Package pdftex.def Info: figures/1174042/plagiat.png  used on input line 18.
(pdftex.def)             Requested size: 113.81102pt x 79.57275pt.
) (chapters/tugas1/1174057.tex

LaTeX Warning: Citation `widiani2018efektivitas' on page 4 undefined on input l
ine 5.


Underfull \hbox (badness 10000) in paragraph at lines 4--7

 []


Overfull \vbox (6.372pt too high) has occurred while \output is active []


Underfull \hbox (badness 10000) has occurred while \output is active
[]
 []

[4 <./figures/1174042/gis.jpg> <./figures/1174042/plagiat.png>]

LaTeX Warning: Citation `zuhdi2018sejarah' on page 5 undefined on input line 9.



LaTeX Warning: Citation `lambert2018geography' on page 5 undefined on input lin
e 12.


Overfull \hbox (9.88725pt too wide) in paragraph at lines 8--18
\OT1/ptm/m/n/10 men-galami perkem-ban-gan dari segi keil-muan-nya. Dari yang se
m-ula hanya mendeskrip-
 []


Underfull \hbox (badness 10000) in paragraph at lines 8--18

 []

<figures/1174057/sejarah.jpg, id=209, 301.125pt x 168.63pt>
File: figures/1174057/sejarah.jpg Graphic file (type jpg)
<use figures/1174057/sejarah.jpg>
Package pdftex.def Info: figures/1174057/sejarah.jpg  used on input line 20.
(pdftex.def)             Requested size: 113.81102pt x 63.73526pt.

Overfull \vbox (6.372pt too high) has occurred while \output is active []


Underfull \hbox (badness 10000) has occurred while \output is active
[]
 []

[5]
<figures/1174057/plagiarisme.png, id=216, 639.89063pt x 391.4625pt>
File: figures/1174057/plagiarisme.png Graphic file (type png)
<use figures/1174057/plagiarisme.png>
Package pdftex.def Info: figures/1174057/plagiarisme.png  used on input line 29
.
(pdftex.def)             Requested size: 113.81102pt x 69.62395pt.
) (chapters/tugas1/1174035.tex

LaTeX Warning: Citation `mooney2016transportation' on page 6 undefined on input
 line 3.


LaTeX Warning: Citation `hoffman2019mapping' on page 6 undefined on input line 
3.


LaTeX Warning: Citation `barik2018fog' on page 6 undefined on input line 3.


Underfull \hbox (badness 10000) in paragraph at lines 3--6
\OT1/ptm/m/n/10 sebagainya[[]]. 
 []


Overfull \vbox (6.372pt too high) has occurred while \output is active []


Underfull \hbox (badness 10000) has occurred while \output is active
[]
 []

[6 <./figures/1174057/sejarah.jpg> <./figures/1174057/plagiarisme.png>]

LaTeX Warning: Citation `lee2015geospatial' on page 7 undefined on input line 1
2.


Overfull \hbox (4.05678pt too wide) in paragraph at lines 15--16
[]\OT1/ptm/m/n/10 Mengetahui kon-disi dari daerah berdasarkan data geospasial r
e-al-time yang dibuat
 []

<figures/1174035/tugas1/plagiat.png, id=229, 632.3625pt x 557.83406pt>
File: figures/1174035/tugas1/plagiat.png Graphic file (type png)
<use figures/1174035/tugas1/plagiat.png>
Package pdftex.def Info: figures/1174035/tugas1/plagiat.png  used on input line
 23.
(pdftex.def)             Requested size: 284.52756pt x 250.99747pt.

Underfull \vbox (badness 10000) has occurred while \output is active []


Overfull \vbox (6.372pt too high) has occurred while \output is active []


Underfull \hbox (badness 10000) has occurred while \output is active
[]
 []

[7]) (chapters/tugas1/1174040.tex
Overfull \hbox (4.43767pt too wide) in paragraph at lines 3--5
\OT1/ptm/m/n/10 yang di-ran-cang sedemikian rupa un-tuk bek-erja den-gan meng-g
u-nakan data yang memi-
 []


Overfull \hbox (21.31635pt too wide) in paragraph at lines 3--5
\OT1/ptm/m/n/10 liki in-for-masi spasial yang beref-er-en-sikan keuan-gan. Sis-
tem ini akan menangkap(capture),
 []


Overfull \vbox (6.372pt too high) has occurred while \output is active []


Underfull \hbox (badness 10000) has occurred while \output is active
[]
 []

[8 <./figures/1174035/tugas1/plagiat.png>]
Overfull \hbox (2.13637pt too wide) in paragraph at lines 29--30
[]\OT1/ptm/m/n/10 Militer : penye-di-aan data spasial un-tuk rute per-jalanan l
o-gis-tic, per-ala-tan perang,
 []

<figures/1174040/1174040_plagiat_1.png, id=248, 1156.32pt x 650.43pt>
File: figures/1174040/1174040_plagiat_1.png Graphic file (type png)
<use figures/1174040/1174040_plagiat_1.png>
Package pdftex.def Info: figures/1174040/1174040_plagiat_1.png  used on input l
ine 37.
(pdftex.def)             Requested size: 113.81102pt x 64.01463pt.
) (chapters/tugas1/1174043.tex
Overfull \vbox (6.372pt too high) has occurred while \output is active []


Underfull \hbox (badness 10000) has occurred while \output is active
[]
 []

[9 <./figures/1174040/1174040_plagiat_1.png>]
<figures/1174043/Plagiarisme.png, id=267, 1927.2pt x 1084.05pt>
File: figures/1174043/Plagiarisme.png Graphic file (type png)
<use figures/1174043/Plagiarisme.png>
Package pdftex.def Info: figures/1174043/Plagiarisme.png  used on input line 18
.
(pdftex.def)             Requested size: 284.52756pt x 160.03659pt.
) (chapters/tugas1/1174050.tex
Underfull \vbox (badness 10000) has occurred while \output is active []


Overfull \vbox (6.372pt too high) has occurred while \output is active []


Underfull \hbox (badness 10000) has occurred while \output is active
[]
 []

[10]
Overfull \hbox (4.67682pt too wide) in paragraph at lines 5--6
\OT1/ptm/m/n/10 tukan oleh serangka-ian angka, hu-ruf, atau sim-bol. Ko-or-di-n
at ser-ing dip-ilih sedemikian
 []

<figures/1174050/koordinat.png, id=273, 455.90324pt x 184.2885pt>
File: figures/1174050/koordinat.png Graphic file (type png)
<use figures/1174050/koordinat.png>
Package pdftex.def Info: figures/1174050/koordinat.png  used on input line 9.
(pdftex.def)             Requested size: 113.81102pt x 46.00452pt.
<figures/1174050/plagiarism.png, id=275, 625.73775pt x 386.04225pt>
File: figures/1174050/plagiarism.png Graphic file (type png)
<use figures/1174050/plagiarism.png>
Package pdftex.def Info: figures/1174050/plagiarism.png  used on input line 18.

(pdftex.def)             Requested size: 113.81102pt x 70.20914pt.
) (chapters/tugas1/1174063.tex
Underfull \vbox (badness 10000) has occurred while \output is active []


Overfull \vbox (6.372pt too high) has occurred while \output is active []


Underfull \hbox (badness 10000) has occurred while \output is active
[]
 []

[11 <./figures/1174043/Plagiarisme.png> <./figures/1174050/koordinat.png>]
Underfull \hbox (badness 10000) in paragraph at lines 4--6

 []

<figures/1174063/koordinat.jpg, id=288, 697.8572pt x 430.60875pt>
File: figures/1174063/koordinat.jpg Graphic file (type jpg)
<use figures/1174063/koordinat.jpg>
Package pdftex.def Info: figures/1174063/koordinat.jpg  used on input line 13.
(pdftex.def)             Requested size: 113.81102pt x 70.22604pt.

Underfull \hbox (badness 10000) in paragraph at lines 11--16

 []

<figures/1174063/utm.jpg, id=289, 708.39656pt x 391.4625pt>
File: figures/1174063/utm.jpg Graphic file (type jpg)
<use figures/1174063/utm.jpg>
Package pdftex.def Info: figures/1174063/utm.jpg  used on input line 19.
(pdftex.def)             Requested size: 113.81102pt x 62.89212pt.

Underfull \hbox (badness 10000) in paragraph at lines 17--22

 []


Overfull \vbox (6.372pt too high) has occurred while \output is active []


Underfull \hbox (badness 10000) has occurred while \output is active
[]
 []

[12 <./figures/1174050/plagiarism.png> <./figures/1174063/koordinat.jpg>]
<figures/1174063/plagiat.jpg, id=301, 625.58719pt x 289.83281pt>
File: figures/1174063/plagiat.jpg Graphic file (type jpg)
<use figures/1174063/plagiat.jpg>
Package pdftex.def Info: figures/1174063/plagiat.jpg  used on input line 28.
(pdftex.def)             Requested size: 113.81102pt x 52.72488pt.
)
(chapters/tugas1/1174059.tex
Overfull \vbox (6.372pt too high) has occurred while \output is active []


Underfull \hbox (badness 10000) has occurred while \output is active
[]
 []

[13 <./figures/1174063/utm.jpg> <./figures/1174063/plagiat.jpg>]
Overfull \hbox (37.36896pt too wide) in paragraph at lines 24--25
 \subsubsectionfont 1.10.1.2 Tipe Data Line[] \OT1/ptm/m/n/10 Data Line atau ga
ris berben-tuk satu di-mensi yang menghubungkan
 []

<figures/1174059/plagiarisme.png, id=316, 662.475pt x 525.46312pt>
File: figures/1174059/plagiarisme.png Graphic file (type png)
<use figures/1174059/plagiarisme.png>
Package pdftex.def Info: figures/1174059/plagiarisme.png  used on input line 38
.
(pdftex.def)             Requested size: 113.81102pt x 90.26564pt.
) (chapters/tugas1/1174038.tex
Overfull \hbox (4.67682pt too wide) in paragraph at lines 5--7
\OT1/ptm/m/n/10 tukan oleh serangka-ian angka, hu-ruf, atau sim-bol. Ko-or-di-n
at ser-ing dip-ilih sedemikian
 []


Overfull \vbox (6.372pt too high) has occurred while \output is active []


Underfull \hbox (badness 10000) has occurred while \output is active
[]
 []

[14 <./figures/1174059/plagiarisme.png>]
<figures/1174038/peta koordinat indonesia.png, id=330, 324.21124pt x 156.585pt>

File: figures/1174038/peta koordinat indonesia.png Graphic file (type png)
<use figures/1174038/peta koordinat indonesia.png>
Package pdftex.def Info: figures/1174038/peta koordinat indonesia.png  used on 
input line 10.
(pdftex.def)             Requested size: 113.81102pt x 54.96803pt.
<figures/1174038/plagiarism.png, id=332, 625.73775pt x 386.04225pt>
File: figures/1174038/plagiarism.png Graphic file (type png)
<use figures/1174038/plagiarism.png>
Package pdftex.def Info: figures/1174038/plagiarism.png  used on input line 19.

(pdftex.def)             Requested size: 113.81102pt x 70.20914pt.
) (chapters/tugas1/1174034.tex
Overfull \hbox (4.67682pt too wide) in paragraph at lines 5--6
\OT1/ptm/m/n/10 tukan oleh serangka-ian angka, hu-ruf, atau sim-bol. Ko-or-di-n
at ser-ing dip-ilih sedemikian
 []


Overfull \vbox (6.372pt too high) has occurred while \output is active []


Underfull \hbox (badness 10000) has occurred while \output is active
[]
 []

[15 <./figures/1174038/peta koordinat indonesia.png> <./figures/1174038/plagiar
ism.png>]
<figures/1174034/koordinat.png, id=345, 767.86874pt x 402.50375pt>
File: figures/1174034/koordinat.png Graphic file (type png)
<use figures/1174034/koordinat.png>
Package pdftex.def Info: figures/1174034/koordinat.png  used on input line 9.
(pdftex.def)             Requested size: 113.81102pt x 59.65437pt.
<figures/1174034/plagiarism.png, id=347, 625.73775pt x 386.04225pt>
File: figures/1174034/plagiarism.png Graphic file (type png)
<use figures/1174034/plagiarism.png>
Package pdftex.def Info: figures/1174034/plagiarism.png  used on input line 18.

(pdftex.def)             Requested size: 113.81102pt x 70.20914pt.
)
Overfull \vbox (6.372pt too high) has occurred while \output is active []


Underfull \hbox (badness 10000) has occurred while \output is active
[]
 []

[16 <./figures/1174034/koordinat.png> <./figures/1174034/plagiarism.png>]
Bab 2.
(chapters/tugas2/1174042.tex (src/1/1174042/No1.py)
<figures/1174042/No1.JPG, id=357, 265.74281pt x 206.27063pt>
File: figures/1174042/No1.JPG Graphic file (type jpg)
<use figures/1174042/No1.JPG>
Package pdftex.def Info: figures/1174042/No1.JPG  used on input line 7.
(pdftex.def)             Requested size: 341.43306pt x 265.0421pt.

Overfull \hbox (5.43306pt too wide) in paragraph at lines 7--9
 [][] 
 []


Underfull \vbox (badness 10000) has occurred while \output is active []

 [17

]
(src/1/1174042/No2.py)
<figures/1174042/No2.JPG, id=376, 225.84375pt x 185.94469pt>
File: figures/1174042/No2.JPG Graphic file (type jpg)
<use figures/1174042/No2.JPG>
Package pdftex.def Info: figures/1174042/No2.JPG  used on input line 15.
(pdftex.def)             Requested size: 341.43306pt x 281.14926pt.

Overfull \hbox (5.43306pt too wide) in paragraph at lines 15--17
 [][] 
 []


Underfull \vbox (badness 10000) has occurred while \output is active []


Overfull \vbox (6.372pt too high) has occurred while \output is active []


Underfull \hbox (badness 10000) has occurred while \output is active
[]
 []

[18 <./figures/1174042/No1.JPG>] (src/1/1174042/No3.py)
<figures/1174042/No3.JPG, id=393, 204.01219pt x 118.19156pt>
File: figures/1174042/No3.JPG Graphic file (type jpg)
<use figures/1174042/No3.JPG>
Package pdftex.def Info: figures/1174042/No3.JPG  used on input line 23.
(pdftex.def)             Requested size: 341.43306pt x 197.81563pt.

Overfull \hbox (5.43306pt too wide) in paragraph at lines 23--25
 [][] 
 []


Underfull \vbox (badness 10000) has occurred while \output is active []


Overfull \vbox (6.372pt too high) has occurred while \output is active []


Underfull \hbox (badness 10000) has occurred while \output is active
[]
 []

[19 <./figures/1174042/No2.JPG>] (src/1/1174042/No4.py)
<figures/1174042/No4.JPG, id=410, 221.32687pt x 190.46156pt>
File: figures/1174042/No4.JPG Graphic file (type jpg)
<use figures/1174042/No4.JPG>
Package pdftex.def Info: figures/1174042/No4.JPG  used on input line 31.
(pdftex.def)             Requested size: 341.43306pt x 293.8348pt.

Overfull \hbox (5.43306pt too wide) in paragraph at lines 31--33
 [][] 
 []


Underfull \vbox (badness 10000) has occurred while \output is active []


Overfull \vbox (6.372pt too high) has occurred while \output is active []


Underfull \hbox (badness 10000) has occurred while \output is active
[]
 []

[20 <./figures/1174042/No3.JPG>] (src/1/1174042/No5.py)
<figures/1174042/No5.JPG, id=428, 330.48468pt x 323.70938pt>
File: figures/1174042/No5.JPG Graphic file (type jpg)
<use figures/1174042/No5.JPG>
Package pdftex.def Info: figures/1174042/No5.JPG  used on input line 39.
(pdftex.def)             Requested size: 341.43306pt x 334.44684pt.

Overfull \hbox (5.43306pt too wide) in paragraph at lines 39--41
 [][] 
 []


Underfull \vbox (badness 10000) has occurred while \output is active []


Overfull \vbox (6.372pt too high) has occurred while \output is active []


Underfull \hbox (badness 10000) has occurred while \output is active
[]
 []

[21 <./figures/1174042/No4.JPG>] (src/1/1174042/No6.py)
<figures/1174042/No6.JPG, id=443, 326.72063pt x 124.96687pt>
File: figures/1174042/No6.JPG Graphic file (type jpg)
<use figures/1174042/No6.JPG>
Package pdftex.def Info: figures/1174042/No6.JPG  used on input line 47.
(pdftex.def)             Requested size: 341.43306pt x 130.59364pt.

Overfull \hbox (5.43306pt too wide) in paragraph at lines 47--49
 [][] 
 []


Underfull \vbox (badness 10000) has occurred while \output is active []


Overfull \vbox (6.372pt too high) has occurred while \output is active []


Underfull \hbox (badness 10000) has occurred while \output is active
[]
 []

[22 <./figures/1174042/No5.JPG>] (src/1/1174042/No7.py)
<figures/1174042/No7.JPG, id=458, 335.75438pt x 143.78719pt>
File: figures/1174042/No7.JPG Graphic file (type jpg)
<use figures/1174042/No7.JPG>
Package pdftex.def Info: figures/1174042/No7.JPG  used on input line 55.
(pdftex.def)             Requested size: 341.43306pt x 146.21999pt.

Overfull \hbox (5.43306pt too wide) in paragraph at lines 55--57
 [][] 
 []

(src/1/1174042/No8.py
Overfull \vbox (6.372pt too high) has occurred while \output is active []

 [23 <./figures/1174042/No6.JPG> <./figures/1174042/No7.JPG>])
<figures/1174042/No8.JPG, id=480, 318.43968pt x 120.45pt>
File: figures/1174042/No8.JPG Graphic file (type jpg)
<use figures/1174042/No8.JPG>
Package pdftex.def Info: figures/1174042/No8.JPG  used on input line 63.
(pdftex.def)             Requested size: 341.43306pt x 129.1467pt.

Overfull \hbox (5.43306pt too wide) in paragraph at lines 63--65
 [][] 
 []

(src/1/1174042/No9.py)
<figures/1174042/No9.JPG, id=481, 233.37187pt x 344.03531pt>
File: figures/1174042/No9.JPG Graphic file (type jpg)
<use figures/1174042/No9.JPG>
Package pdftex.def Info: figures/1174042/No9.JPG  used on input line 71.
(pdftex.def)             Requested size: 341.43306pt x 503.39503pt.

Overfull \hbox (5.43306pt too wide) in paragraph at lines 71--73
 [][] 
 []


Underfull \vbox (badness 10000) has occurred while \output is active []


Overfull \vbox (6.372pt too high) has occurred while \output is active []


Underfull \hbox (badness 10000) has occurred while \output is active
[]
 []

[24 <./figures/1174042/No8.JPG>] (src/1/1174042/No10.py
Overfull \vbox (6.372pt too high) has occurred while \output is active []

 [25 <./figures/1174042/No9.JPG>]
LaTeX Font Info:    External font `cmex10' loaded for size
(Font)              <8> on input line 11.
LaTeX Font Info:    External font `cmex10' loaded for size
(Font)              <6> on input line 11.
)
<figures/1174042/No10.JPG, id=507, 290.58563pt x 275.52937pt>
File: figures/1174042/No10.JPG Graphic file (type jpg)
<use figures/1174042/No10.JPG>
Package pdftex.def Info: figures/1174042/No10.JPG  used on input line 79.
(pdftex.def)             Requested size: 341.43306pt x 323.76385pt.

Overfull \hbox (5.43306pt too wide) in paragraph at lines 79--81
 [][] 
 []


Underfull \vbox (badness 10000) has occurred while \output is active []


Overfull \vbox (6.372pt too high) has occurred while \output is active []


Underfull \hbox (badness 10000) has occurred while \output is active
[]
 []

[26]) (chapters/tugas2/1174043.tex (src/1/1174043/nomor1.py
Overfull \vbox (6.372pt too high) has occurred while \output is active []

 [27 <./figures/1174042/No10.JPG>])
<figures/1174043/1.jpg, id=544, 215.6055pt x 204.16275pt>
File: figures/1174043/1.jpg Graphic file (type jpg)
<use figures/1174043/1.jpg>
Package pdftex.def Info: figures/1174043/1.jpg  used on input line 7.
(pdftex.def)             Requested size: 341.43306pt x 323.3275pt.

Overfull \hbox (5.43306pt too wide) in paragraph at lines 7--9
 [][] 
 []

(src/1/1174043/nomor2.py
Overfull \vbox (6.372pt too high) has occurred while \output is active []

 [28 <./figures/1174043/1.jpg>])
<figures/1174043/2.jpg, id=567, 296.90926pt x 285.4665pt>
File: figures/1174043/2.jpg Graphic file (type jpg)
<use figures/1174043/2.jpg>
Package pdftex.def Info: figures/1174043/2.jpg  used on input line 15.
(pdftex.def)             Requested size: 341.43306pt x 328.27519pt.

Overfull \hbox (5.43306pt too wide) in paragraph at lines 15--17
 [][] 
 []

(src/1/1174043/nomor3.py
Overfull \vbox (6.372pt too high) has occurred while \output is active []

 [29 <./figures/1174043/2.jpg>])
<figures/1174043/3.jpg, id=590, 509.5035pt x 262.581pt>
File: figures/1174043/3.jpg Graphic file (type jpg)
<use figures/1174043/3.jpg>
Package pdftex.def Info: figures/1174043/3.jpg  used on input line 23.
(pdftex.def)             Requested size: 341.43306pt x 175.96039pt.

Overfull \hbox (5.43306pt too wide) in paragraph at lines 23--25
 [][] 
 []

(src/1/1174043/nomor4.py)
<figures/1174043/4.jpg, id=591, 258.9675pt x 258.9675pt>
File: figures/1174043/4.jpg Graphic file (type jpg)
<use figures/1174043/4.jpg>
Package pdftex.def Info: figures/1174043/4.jpg  used on input line 31.
(pdftex.def)             Requested size: 341.43306pt x 341.47063pt.

Overfull \hbox (5.43306pt too wide) in paragraph at lines 31--33
 [][] 
 []


Underfull \vbox (badness 10000) has occurred while \output is active []


Overfull \vbox (6.372pt too high) has occurred while \output is active []


Underfull \hbox (badness 10000) has occurred while \output is active
[]
 []

[30 <./figures/1174043/3.jpg>] (src/1/1174043/nomor5.py)
<figures/1174043/5.jpg, id=619, 271.61475pt x 266.1945pt>
File: figures/1174043/5.jpg Graphic file (type jpg)
<use figures/1174043/5.jpg>
Package pdftex.def Info: figures/1174043/5.jpg  used on input line 39.
(pdftex.def)             Requested size: 341.43306pt x 334.64322pt.

Overfull \hbox (5.43306pt too wide) in paragraph at lines 39--41
 [][] 
 []


Underfull \vbox (badness 10000) has occurred while \output is active []


Overfull \vbox (6.372pt too high) has occurred while \output is active []


Underfull \hbox (badness 10000) has occurred while \output is active
[]
 []

[31 <./figures/1174043/4.jpg>] (src/1/1174043/nomor6.py)
<figures/1174043/6.jpg, id=639, 302.3295pt x 91.542pt>
File: figures/1174043/6.jpg Graphic file (type jpg)
<use figures/1174043/6.jpg>
Package pdftex.def Info: figures/1174043/6.jpg  used on input line 47.
(pdftex.def)             Requested size: 341.43306pt x 103.38678pt.

Overfull \hbox (5.43306pt too wide) in paragraph at lines 47--49
 [][] 
 []


Underfull \vbox (badness 10000) has occurred while \output is active []


Overfull \vbox (6.372pt too high) has occurred while \output is active []


Underfull \hbox (badness 10000) has occurred while \output is active
[]
 []

[32 <./figures/1174043/5.jpg>] (src/1/1174043/nomor7.py)
<figures/1174043/7.jpg, id=660, 272.81924pt x 98.16675pt>
File: figures/1174043/7.jpg Graphic file (type jpg)
<use figures/1174043/7.jpg>
Package pdftex.def Info: figures/1174043/7.jpg  used on input line 55.
(pdftex.def)             Requested size: 341.43306pt x 122.85791pt.

Overfull \hbox (5.43306pt too wide) in paragraph at lines 55--57
 [][] 
 []

(src/1/1174043/nomor8.py
Overfull \vbox (6.372pt too high) has occurred while \output is active []

 [33 <./figures/1174043/6.jpg> <./figures/1174043/7.jpg>])
<figures/1174043/8.jpg, id=691, 263.7855pt x 90.3375pt>
File: figures/1174043/8.jpg Graphic file (type jpg)
<use figures/1174043/8.jpg>
Package pdftex.def Info: figures/1174043/8.jpg  used on input line 63.
(pdftex.def)             Requested size: 341.43306pt x 116.93007pt.

Overfull \hbox (5.43306pt too wide) in paragraph at lines 63--65
 [][] 
 []

(src/1/1174043/nomor9.py)
<figures/1174043/9.jpg, id=692, 280.04625pt x 447.47176pt>
File: figures/1174043/9.jpg Graphic file (type jpg)
<use figures/1174043/9.jpg>
Package pdftex.def Info: figures/1174043/9.jpg  used on input line 71.
(pdftex.def)             Requested size: 341.43306pt x 545.58017pt.

Overfull \hbox (5.43306pt too wide) in paragraph at lines 71--73
 [][] 
 []


Underfull \vbox (badness 10000) has occurred while \output is active []


Overfull \vbox (6.372pt too high) has occurred while \output is active []


Underfull \hbox (badness 10000) has occurred while \output is active
[]
 []

[34 <./figures/1174043/8.jpg>]
Overfull \vbox (26.76466pt too high) has occurred while \output is active []


Overfull \vbox (6.372pt too high) has occurred while \output is active []


Underfull \hbox (badness 10000) has occurred while \output is active
[]
 []

[35 <./figures/1174043/9.jpg>] (src/1/1174043/nomor10.py)
<figures/1174043/10.jpg, id=723, 269.808pt x 335.45325pt>
File: figures/1174043/10.jpg Graphic file (type jpg)
<use figures/1174043/10.jpg>
Package pdftex.def Info: figures/1174043/10.jpg  used on input line 79.
(pdftex.def)             Requested size: 341.43306pt x 424.5416pt.

Overfull \hbox (5.43306pt too wide) in paragraph at lines 79--81
 [][] 
 []


Underfull \vbox (badness 10000) has occurred while \output is active []


Overfull \vbox (6.372pt too high) has occurred while \output is active []


Underfull \hbox (badness 10000) has occurred while \output is active
[]
 []

[36]) (main.bbl
Overfull \vbox (6.372pt too high) has occurred while \output is active []


Underfull \hbox (badness 10000) has occurred while \output is active
[]
 []

[37 <./figures/1174043/10.jpg>] [38

]) [39] [40

] (main.ind [41


])
Package atveryend Info: Empty hook `BeforeClearDocument' on input line 284.
Package atveryend Info: Empty hook `AfterLastShipout' on input line 284.
 (main.aux)
Package atveryend Info: Executing hook `AtVeryEndDocument' on input line 284.
Package atveryend Info: Executing hook `AtEndAfterFileList' on input line 284.


Package rerunfilecheck Warning: File `main.out' has changed.
(rerunfilecheck)                Rerun to get outlines right
(rerunfilecheck)                or use package `bookmark'.

Package rerunfilecheck Info: Checksums for `main.out':
(rerunfilecheck)             Before: D41D8CD98F00B204E9800998ECF8427E;0
(rerunfilecheck)             After:  75BED6B4B3DA7C8014BE80EFAF546800;4839.

LaTeX Warning: There were undefined references.


LaTeX Warning: Label(s) may have changed. Rerun to get cross-references right.

 ) 
Here is how much of TeX's memory you used:
 8207 strings out of 492453
 123150 string characters out of 3119608
 491615 words of memory out of 3000000
 11828 multiletter control sequences out of 15000+200000
 62940 words of font info for 117 fonts, out of 3000000 for 9000
 1141 hyphenation exceptions out of 8191
 33i,14n,47p,1042b,1868s stack positions out of 5000i,500n,10000p,200000b,50000s
{C:/Users/lenovo/AppData/Local/Programs/MiKTeX 2.9/fonts/enc/dvips/base/8r.en
c}<C:/Users/lenovo/AppData/Local/Programs/MiKTeX 2.9/fonts/type1/public/amsfont
s/cm/cmex10.pfb><C:/Users/lenovo/AppData/Local/Programs/MiKTeX 2.9/fonts/type1/
public/amsfonts/cm/cmmi10.pfb><C:/Users/lenovo/AppData/Local/Programs/MiKTeX 2.
9/fonts/type1/public/amsfonts/cm/cmmi7.pfb><C:/Users/lenovo/AppData/Local/Progr
ams/MiKTeX 2.9/fonts/type1/public/amsfonts/cm/cmr10.pfb><C:/Users/lenovo/AppDat
a/Local/Programs/MiKTeX 2.9/fonts/type1/public/amsfonts/cm/cmsy10.pfb><C:/Users
/lenovo/AppData/Local/Programs/MiKTeX 2.9/fonts/type1/public/amsfonts/cm/cmsy8.
pfb><C:/Users/lenovo/AppData/Local/Programs/MiKTeX 2.9/fonts/type1/urw/helvetic
/uhvb8a.pfb><C:/Users/lenovo/AppData/Local/Programs/MiKTeX 2.9/fonts/type1/urw/
helvetic/uhvbo8a.pfb><C:/Users/lenovo/AppData/Local/Programs/MiKTeX 2.9/fonts/t
ype1/urw/helvetic/uhvr8a.pfb><C:/Users/lenovo/AppData/Local/Programs/MiKTeX 2.9
/fonts/type1/urw/times/utmb8a.pfb><C:/Users/lenovo/AppData/Local/Programs/MiKTe
X 2.9/fonts/type1/urw/times/utmbi8a.pfb><C:/Users/lenovo/AppData/Local/Programs
/MiKTeX 2.9/fonts/type1/urw/times/utmr8a.pfb><C:/Users/lenovo/AppData/Local/Pro
grams/MiKTeX 2.9/fonts/type1/urw/times/utmri8a.pfb>
Output written on main.pdf (70 pages, 2264828 bytes).
PDF statistics:
 921 PDF objects out of 1000 (max. 8388607)
 475 named destinations out of 1000 (max. 500000)
 196 words of extra memory for PDF output out of 10000 (max. 10000000)

